[2018-07-23 05:17:52] [info] Start Program:
Path:"C:\Users\Administrator\source\repos\SimpleMath\Debug\SimpleMath.exe"
Arguments:
Working directory: "C:\Users\Administrator\source\repos\SimpleMath\SimpleMath\"
Modules: Selected: C:\Users\Administrator\source\repos\SimpleMath\Debug\SimpleMath.exe C:\Users\Administrator\source\repos\SimpleMath\Debug\Sample-Test1.exe Excluded: 
Sources: Selected: C:\Users\Administrator\source\repos\SimpleMath\SimpleMath C:\Users\Administrator\source\repos\SimpleMath\Sample-Test1 Excluded: 
Log Level: Normal
Cover Children: 0
Aggregate by file: 1
Continue after C++ exception: 0
Optimized build support: 0
Export: Binary C:\Users\Administrator\AppData\Local\Temp\2\rstmvydx.fkk 
Input coverage: 
Unified diff: 
Excluded line regular expressions: 

[2018-07-23 05:17:52] [info] Module: C:\Users\Administrator\source\repos\SimpleMath\Debug\SimpleMath.exe is selected because it matches selected pattern: 
[2018-07-23 05:17:52] [info] Module: C:\Windows\SysWOW64\ntdll.dll is skipped because it matches no selected patterns
[2018-07-23 05:17:52] [info] Module: C:\Windows\SysWOW64\kernel32.dll is skipped because it matches no selected patterns
[2018-07-23 05:17:52] [info] Module: C:\Windows\SysWOW64\kernel32.dll is skipped because it matches no selected patterns
[2018-07-23 05:17:52] [info] Module: C:\Windows\SysWOW64\KernelBase.dll is skipped because it matches no selected patterns
[2018-07-23 05:17:52] [info] Module: C:\Windows\SysWOW64\msvcp140d.dll is skipped because it matches no selected patterns
[2018-07-23 05:17:52] [info] Module: C:\Windows\SysWOW64\vcruntime140d.dll is skipped because it matches no selected patterns
[2018-07-23 05:17:52] [info] Module: C:\Windows\SysWOW64\ucrtbased.dll is skipped because it matches no selected patterns
[2018-07-23 05:17:52] [info] Module: C:\Windows\SysWOW64\kernel.appcore.dll is skipped because it matches no selected patterns
[2018-07-23 05:17:52] [info] Module: C:\Windows\SysWOW64\msvcrt.dll is skipped because it matches no selected patterns
[2018-07-23 05:17:52] [info] Module: C:\Windows\SysWOW64\rpcrt4.dll is skipped because it matches no selected patterns
[2018-07-23 05:17:52] [info] Module: C:\Windows\SysWOW64\sspicli.dll is skipped because it matches no selected patterns
[2018-07-23 05:17:52] [info] Module: C:\Windows\SysWOW64\cryptbase.dll is skipped because it matches no selected patterns
[2018-07-23 05:17:52] [info] Module: C:\Windows\SysWOW64\bcryptprimitives.dll is skipped because it matches no selected patterns
[2018-07-23 05:17:53] [info] Module: C:\Windows\SysWOW64\sechost.dll is skipped because it matches no selected patterns
[2018-07-23 05:17:53] [info] ----------------------------------------------------
[2018-07-23 05:17:53] [info] Coverage binary generated in file: C:\Users\Administrator\AppData\Local\Temp\2\rstmvydx.fkk
[2018-07-23 05:17:53] [info] ----------------------------------------------------
